2021-07-04 13:31:13,214 find_element.py--> get_element 20: INFO ----->定位方式:id--->定位值:register_email
2021-07-04 13:31:13,279 find_element.py--> get_element 20: INFO ----->定位方式:id--->定位值:register_nickname
2021-07-04 13:31:13,551 find_element.py--> get_element 20: INFO ----->定位方式:id--->定位值:register_password
2021-07-04 13:31:13,605 find_element.py--> get_element 20: INFO ----->定位方式:id--->定位值:captcha_code
2021-07-04 13:31:13,649 find_element.py--> get_element 20: INFO ----->定位方式:id--->定位值:register-btn
2021-07-04 13:31:13,877 find_element.py--> get_element 20: INFO ----->定位方式:id--->定位值:captcha_code
2021-07-04 13:31:52,659 find_element.py--> get_element 20: INFO ----->定位方式:id--->定位值:register_email
2021-07-04 13:31:52,727 find_element.py--> get_element 20: INFO ----->定位方式:id--->定位值:register_nickname
2021-07-04 13:31:52,946 find_element.py--> get_element 20: INFO ----->定位方式:id--->定位值:register_password
2021-07-04 13:31:53,010 find_element.py--> get_element 20: INFO ----->定位方式:id--->定位值:captcha_code
2021-07-04 13:31:53,065 find_element.py--> get_element 20: INFO ----->定位方式:id--->定位值:register-btn
2021-07-04 13:31:53,255 find_element.py--> get_element 20: INFO ----->定位方式:id--->定位值:captcha_code
2021-07-04 13:39:45,462 find_element.py--> get_element 20: INFO ----->定位方式:id--->定位值:register_email
2021-07-04 13:39:45,528 find_element.py--> get_element 20: INFO ----->定位方式:id--->定位值:register_nickname
2021-07-04 13:39:45,759 find_element.py--> get_element 20: INFO ----->定位方式:id--->定位值:register_password
2021-07-04 13:39:45,819 find_element.py--> get_element 20: INFO ----->定位方式:id--->定位值:captcha_code
2021-07-04 13:39:45,874 find_element.py--> get_element 20: INFO ----->定位方式:id--->定位值:register-btn
2021-07-04 13:39:46,070 find_element.py--> get_element 20: INFO ----->定位方式:id--->定位值:captcha_code
2021-07-04 14:13:36,212 find_element.py--> get_element 20: INFO ----->定位方式:id--->定位值:register_email
2021-07-04 14:13:36,282 find_element.py--> get_element 20: INFO ----->定位方式:id--->定位值:register_nickname
2021-07-04 14:13:36,551 find_element.py--> get_element 20: INFO ----->定位方式:id--->定位值:register_password
2021-07-04 14:13:36,609 find_element.py--> get_element 20: INFO ----->定位方式:id--->定位值:captcha_code
2021-07-04 14:13:36,656 find_element.py--> get_element 20: INFO ----->定位方式:id--->定位值:register-btn
2021-07-04 14:13:36,892 find_element.py--> get_element 20: INFO ----->定位方式:id--->定位值:captcha_code
2021-07-04 14:15:10,413 find_element.py--> get_element 20: INFO ----->定位方式:id--->定位值:register_email
2021-07-04 14:15:10,477 find_element.py--> get_element 20: INFO ----->定位方式:id--->定位值:register_nickname
2021-07-04 14:15:11,627 find_element.py--> get_element 20: INFO ----->定位方式:id--->定位值:register_password
2021-07-04 14:15:11,887 find_element.py--> get_element 20: INFO ----->定位方式:id--->定位值:captcha_code
2021-07-04 14:15:11,939 find_element.py--> get_element 20: INFO ----->定位方式:id--->定位值:register-btn
2021-07-04 14:15:12,152 find_element.py--> get_element 20: INFO ----->定位方式:id--->定位值:register_nickname-error
