2021-07-03 17:00:48,107 find_element.py--> get_element 20: INFO ----->定位方式:id--->定位值:register_email
2021-07-03 17:00:48,163 find_element.py--> get_element 20: INFO ----->定位方式:id--->定位值:register_nickname
2021-07-03 17:00:48,399 find_element.py--> get_element 20: INFO ----->定位方式:id--->定位值:register_password
2021-07-03 17:00:48,594 find_element.py--> get_element 20: INFO ----->定位方式:id--->定位值:captcha_code
2021-07-03 17:00:48,644 find_element.py--> get_element 20: INFO ----->定位方式:id--->定位值:register-btn
2021-07-03 17:00:48,862 find_element.py--> get_element 20: INFO ----->定位方式:id--->定位值:captcha_code-error
2021-07-03 17:06:12,074 find_element.py--> get_element 20: INFO ----->定位方式:id--->定位值:register_email
2021-07-03 17:06:12,131 find_element.py--> get_element 20: INFO ----->定位方式:id--->定位值:register_nickname
2021-07-03 17:06:12,334 find_element.py--> get_element 20: INFO ----->定位方式:id--->定位值:register_password
2021-07-03 17:06:12,522 find_element.py--> get_element 20: INFO ----->定位方式:id--->定位值:captcha_code
2021-07-03 17:06:12,568 find_element.py--> get_element 20: INFO ----->定位方式:id--->定位值:register-btn
2021-07-03 17:06:12,762 find_element.py--> get_element 20: INFO ----->定位方式:id--->定位值:captcha_code-error
2021-07-03 22:20:16,037 find_element.py--> get_element 20: INFO ----->定位方式:id--->定位值:register_nickname
2021-07-03 22:21:03,794 find_element.py--> get_element 20: INFO ----->定位方式:id--->定位值:register_nickname
2021-07-03 22:22:36,795 find_element.py--> get_element 20: INFO ----->定位方式:id--->定位值:register_nickname
2021-07-03 22:25:25,759 find_element.py--> get_element 20: INFO ----->定位方式:id--->定位值:register_nickname
2021-07-03 22:28:20,348 find_element.py--> get_element 20: INFO ----->定位方式:id--->定位值:register_nickname
2021-07-03 22:29:45,541 find_element.py--> get_element 20: INFO ----->定位方式:id--->定位值:register_nickname
2021-07-03 22:31:41,510 find_element.py--> get_element 20: INFO ----->定位方式:id--->定位值:register_email
2021-07-03 22:31:41,562 find_element.py--> get_element 20: INFO ----->定位方式:id--->定位值:register_nickname
2021-07-03 22:32:43,064 find_element.py--> get_element 20: INFO ----->定位方式:id--->定位值:register_email
2021-07-03 22:32:43,120 find_element.py--> get_element 20: INFO ----->定位方式:id--->定位值:register_nickname
2021-07-03 22:32:51,355 find_element.py--> get_element 20: INFO ----->定位方式:id--->定位值:register_password
2021-07-03 22:32:51,542 find_element.py--> get_element 20: INFO ----->定位方式:id--->定位值:captcha_code
2021-07-03 22:32:51,585 find_element.py--> get_element 20: INFO ----->定位方式:id--->定位值:register-btn
2021-07-03 22:32:51,802 find_element.py--> get_element 20: INFO ----->定位方式:id--->定位值:register_nickname-error
